{"logTime": "1115/023130", "correlationVector":"P6uJKvcCWCM4AyYIFQJDin.1","action":"SyncServerConnectionManagerRequest", "result":"SYNC_SERVER_OK", "context":{"environment":"Prod_EastAsia_000d", "migrationStage":"NotStarted", "server":"GENERAL0100001Q"}}
{"logTime": "1115/023131", "correlationVector":"c/9E1rkDhMw3UpaJjm9UPy","action":"SyncServerConnectionManagerRequest", "result":"SYNC_SERVER_OK", "context":{"environment":"", "migrationStage":"", "server":""}}
{"logTime": "1115/023131", "correlationVector":"P6uJKvcCWCM4AyYIFQJDin","action":"Initial GetUpdates", "result":"", "context":Reason: NEW_CLIENT. cV=P6uJKvcCWCM4AyYIFQJDin}
{"logTime": "1115/023131", "correlationVector":"P6uJKvcCWCM4AyYIFQJDin.2","action":"GetUpdates Response", "result":"Success", "context":Received 1 update(s). cV=P6uJKvcCWCM4AyYIFQJDin.0;server=GENERAL0100001Q;cloudType=Consumer;environment=Prod_EastAsia_000d;migrationStage=NotStarted}
{"logTime": "1115/023131", "correlationVector":"RQ/DWb/e6xxbyHS1wl7dDa","action":"Initial GetUpdates", "result":"", "context":Reason: NEWLY_SUPPORTED_DATATYPE. cV=RQ/DWb/e6xxbyHS1wl7dDa}
{"logTime": "1115/023132", "correlationVector":"RQ/DWb/e6xxbyHS1wl7dDa.1","action":"SyncServerConnectionManagerRequest", "result":"SYNC_SERVER_OK", "context":{"environment":"Prod_EastAsia_000d", "migrationStage":"NotStarted", "server":"GENERAL01000019"}}
{"logTime": "1115/023132", "correlationVector":"RQ/DWb/e6xxbyHS1wl7dDa.2","action":"GetUpdates Response", "result":"Success", "context":Received 235 update(s). cV=RQ/DWb/e6xxbyHS1wl7dDa.0;server=GENERAL01000019;cloudType=Consumer;environment=Prod_EastAsia_000d;migrationStage=NotStarted}
{"logTime": "1115/023132", "correlationVector":"BVs1l6Dt9IDFGQRADSx/V2","action":"Initial GetUpdates", "result":"", "context":Reason: NEWLY_SUPPORTED_DATATYPE. cV=BVs1l6Dt9IDFGQRADSx/V2}
{"logTime": "1115/023133", "correlationVector":"BVs1l6Dt9IDFGQRADSx/V2.1","action":"SyncServerConnectionManagerRequest", "result":"SYNC_SERVER_OK", "context":{"environment":"Prod_EastAsia_000d", "migrationStage":"NotStarted", "server":"GENERAL0100001Q"}}
{"logTime": "1115/023133", "correlationVector":"BVs1l6Dt9IDFGQRADSx/V2.2","action":"GetUpdates Response", "result":"Success", "context":Received 6 update(s). cV=BVs1l6Dt9IDFGQRADSx/V2.0;server=GENERAL0100001Q;cloudType=Consumer;environment=Prod_EastAsia_000d;migrationStage=NotStarted}
{"logTime": "1115/023133", "correlationVector":"qq3fnhylU7G0Rps4gvty69","action":"Initial GetUpdates", "result":"", "context":Reason: NEWLY_SUPPORTED_DATATYPE. cV=qq3fnhylU7G0Rps4gvty69}
{"logTime": "1115/023134", "correlationVector":"qq3fnhylU7G0Rps4gvty69.1","action":"SyncServerConnectionManagerRequest", "result":"SYNC_SERVER_OK", "context":{"environment":"Prod_EastAsia_000d", "migrationStage":"NotStarted", "server":"GENERAL01000014"}}
{"logTime": "1115/023134", "correlationVector":"qq3fnhylU7G0Rps4gvty69.2","action":"GetUpdates", "result":"DeleteReceived", "context":{"id":"b1e4766d-c4b6-4752-9dd0-f39c8fda4ef9", "isDeleted:":"true", "version":"1727078396317"}}
{"logTime": "1115/023134", "correlationVector":"qq3fnhylU7G0Rps4gvty69.3","action":"GetUpdates", "result":"DeleteReceived", "context":{"id":"bfeb3056-4e97-4484-81c7-8b1f7f65bbcd", "isDeleted:":"true", "version":"1727526848161"}}
{"logTime": "1115/023134", "correlationVector":"qq3fnhylU7G0Rps4gvty69.4","action":"GetUpdates", "result":"DeleteReceived", "context":{"id":"83da4778-73f8-4a05-bd64-9bd2818c5a52", "isDeleted:":"true", "version":"1725027970930"}}
{"logTime": "1115/023134", "correlationVector":"qq3fnhylU7G0Rps4gvty69.5","action":"GetUpdates", "result":"DeleteReceived", "context":{"id":"5aa1279d-5f03-4633-82ef-19e9a6905743", "isDeleted:":"true", "version":"1725109611718"}}
{"logTime": "1115/023134", "correlationVector":"qq3fnhylU7G0Rps4gvty69.6","action":"GetUpdates", "result":"DeleteReceived", "context":{"id":"2518846c-9f4a-4c81-aecc-a23225060079", "isDeleted:":"true", "version":"1725157231052"}}
{"logTime": "1115/023134", "correlationVector":"qq3fnhylU7G0Rps4gvty69.7","action":"GetUpdates", "result":"DeleteReceived", "context":{"id":"89ef4686-f2cf-4abf-8f16-28b69a77bfc6", "isDeleted:":"true", "version":"1725157231053"}}
{"logTime": "1115/023134", "correlationVector":"qq3fnhylU7G0Rps4gvty69.8","action":"GetUpdates", "result":"DeleteReceived", "context":{"id":"d1670186-1e27-4841-aa6f-cc026f953506", "isDeleted:":"true", "version":"1725157231055"}}
{"logTime": "1115/023134", "correlationVector":"qq3fnhylU7G0Rps4gvty69.9","action":"GetUpdates", "result":"DeleteReceived", "context":{"id":"83d22db7-eabf-4dd6-b150-08cd56ad0c05", "isDeleted:":"true", "version":"1725260088017"}}
{"logTime": "1115/023134", "correlationVector":"qq3fnhylU7G0Rps4gvty69.10","action":"GetUpdates", "result":"DeleteReceived", "context":{"id":"6bb2b960-859f-43ac-9d12-02d7fc72bc11", "isDeleted:":"true", "version":"1725260088018"}}
{"logTime": "1115/023134", "correlationVector":"qq3fnhylU7G0Rps4gvty69.11","action":"GetUpdates", "result":"DeleteReceived", "context":{"id":"73d0bcca-7e5b-49a6-a53c-75aac6ce493a", "isDeleted:":"true", "version":"1725426311082"}}
{"logTime": "1115/023134", "correlationVector":"qq3fnhylU7G0Rps4gvty69.12","action":"GetUpdates", "result":"DeleteReceived", "context":{"id":"7e36259b-24cb-4d6d-bdc2-bebb86efec8e", "isDeleted:":"true", "version":"1725426311083"}}
{"logTime": "1115/023134", "correlationVector":"qq3fnhylU7G0Rps4gvty69.13","action":"GetUpdates", "result":"DeleteReceived", "context":{"id":"cbc04957-4acd-4171-a1b9-98c452bba62f", "isDeleted:":"true", "version":"1725427879881"}}
{"logTime": "1115/023134", "correlationVector":"qq3fnhylU7G0Rps4gvty69.14","action":"GetUpdates", "result":"DeleteReceived", "context":{"id":"5024c1ba-8490-4b8b-ba2d-00020e5a336f", "isDeleted:":"true", "version":"1725448106827"}}
{"logTime": "1115/023134", "correlationVector":"qq3fnhylU7G0Rps4gvty69.15","action":"GetUpdates", "result":"DeleteReceived", "context":{"id":"bf9266d7-baa5-40b4-9438-907e9022c5d2", "isDeleted:":"true", "version":"1725581875534"}}
{"logTime": "1115/023134", "correlationVector":"qq3fnhylU7G0Rps4gvty69.16","action":"GetUpdates", "result":"DeleteReceived", "context":{"id":"e935dc96-8bf4-4b8e-8e11-4b3c5c086bf3", "isDeleted:":"true", "version":"1725583715916"}}
{"logTime": "1115/023134", "correlationVector":"qq3fnhylU7G0Rps4gvty69.17","action":"GetUpdates", "result":"DeleteReceived", "context":{"id":"c7979ebb-8497-41d3-93b9-b4a0fe206ca6", "isDeleted:":"true", "version":"1725584175041"}}
{"logTime": "1115/023134", "correlationVector":"qq3fnhylU7G0Rps4gvty69.18","action":"GetUpdates", "result":"DeleteReceived", "context":{"id":"cb21d622-3418-48ab-8186-835f32b0f92f", "isDeleted:":"true", "version":"1725587402405"}}
{"logTime": "1115/023134", "correlationVector":"qq3fnhylU7G0Rps4gvty69.19","action":"GetUpdates", "result":"DeleteReceived", "context":{"id":"b3f40e28-57c0-4b59-889f-5d195dcdfecd", "isDeleted:":"true", "version":"1725610958502"}}
{"logTime": "1115/023134", "correlationVector":"qq3fnhylU7G0Rps4gvty69.20","action":"GetUpdates", "result":"DeleteReceived", "context":{"id":"f04057db-094c-4c20-8c72-bd6b53fab530", "isDeleted:":"true", "version":"1725611267720"}}
{"logTime": "1115/023134", "correlationVector":"qq3fnhylU7G0Rps4gvty69.21","action":"GetUpdates", "result":"DeleteReceived", "context":{"id":"cbd5417a-e578-4099-833f-49ad0a8cd4c4", "isDeleted:":"true", "version":"1725613933850"}}
{"logTime": "1115/023134", "correlationVector":"qq3fnhylU7G0Rps4gvty69.22","action":"GetUpdates", "result":"DeleteReceived", "context":{"id":"aa8ff531-19c5-48f3-ad5c-1ee964c67724", "isDeleted:":"true", "version":"1725929172191"}}
{"logTime": "1115/023134", "correlationVector":"qq3fnhylU7G0Rps4gvty69.23","action":"GetUpdates", "result":"DeleteReceived", "context":{"id":"5837fcfb-15a3-4b67-8368-e09e6a9553c6", "isDeleted:":"true", "version":"1726103279915"}}
{"logTime": "1115/023134", "correlationVector":"qq3fnhylU7G0Rps4gvty69.24","action":"GetUpdates", "result":"DeleteReceived", "context":{"id":"75304a34-d850-46de-9b81-e28815dc36af", "isDeleted:":"true", "version":"1726130132227"}}
{"logTime": "1115/023134", "correlationVector":"qq3fnhylU7G0Rps4gvty69.25","action":"GetUpdates", "result":"DeleteReceived", "context":{"id":"9227c288-cd85-4c1c-aaf6-d1f7c7371f66", "isDeleted:":"true", "version":"1726142934419"}}
{"logTime": "1115/023134", "correlationVector":"qq3fnhylU7G0Rps4gvty69.26","action":"GetUpdates", "result":"DeleteReceived", "context":{"id":"395401cd-1bce-48be-b38e-9e67381b537e", "isDeleted:":"true", "version":"1726142934421"}}
{"logTime": "1115/023134", "correlationVector":"qq3fnhylU7G0Rps4gvty69.27","action":"GetUpdates", "result":"DeleteReceived", "context":{"id":"f87e5cc1-d1df-4357-a434-d77d67ac2447", "isDeleted:":"true", "version":"1726192879536"}}
{"logTime": "1115/023134", "correlationVector":"qq3fnhylU7G0Rps4gvty69.28","action":"GetUpdates", "result":"DeleteReceived", "context":{"id":"92d1166c-ed92-4d51-b9eb-6e6a510333bc", "isDeleted:":"true", "version":"1726192879537"}}
{"logTime": "1115/023134", "correlationVector":"qq3fnhylU7G0Rps4gvty69.29","action":"GetUpdates", "result":"DeleteReceived", "context":{"id":"f50e2c99-da38-4c21-8c9e-590514041976", "isDeleted:":"true", "version":"1726192879539"}}
{"logTime": "1115/023134", "correlationVector":"qq3fnhylU7G0Rps4gvty69.30","action":"GetUpdates", "result":"DeleteReceived", "context":{"id":"1fc4f6ae-d4fc-4d95-b1c2-81ece4fa0e59", "isDeleted:":"true", "version":"1726193835012"}}
{"logTime": "1115/023134", "correlationVector":"qq3fnhylU7G0Rps4gvty69.31","action":"GetUpdates", "result":"DeleteReceived", "context":{"id":"e23fad90-d2de-457d-a049-faad00594ffb", "isDeleted:":"true", "version":"1726488007634"}}
{"logTime": "1115/023134", "correlationVector":"qq3fnhylU7G0Rps4gvty69.32","action":"GetUpdates", "result":"DeleteReceived", "context":{"id":"76bd8031-2d7e-45ae-8767-ae7936b8eb64", "isDeleted:":"true", "version":"1726659219581"}}
{"logTime": "1115/023134", "correlationVector":"qq3fnhylU7G0Rps4gvty69.33","action":"GetUpdates", "result":"DeleteReceived", "context":{"id":"998b1e63-51ed-4a8c-830d-17efd041d91a", "isDeleted:":"true", "version":"1726659219583"}}
{"logTime": "1115/023134", "correlationVector":"qq3fnhylU7G0Rps4gvty69.34","action":"GetUpdates", "result":"DeleteReceived", "context":{"id":"d5ac13ee-28f9-4d99-b0d3-16a2d730cadd", "isDeleted:":"true", "version":"1726661002929"}}
{"logTime": "1115/023134", "correlationVector":"qq3fnhylU7G0Rps4gvty69.35","action":"GetUpdates", "result":"DeleteReceived", "context":{"id":"3e721f02-21ef-415e-bf62-1975e8a79603", "isDeleted:":"true", "version":"1726661002930"}}
{"logTime": "1115/023134", "correlationVector":"qq3fnhylU7G0Rps4gvty69.36","action":"GetUpdates", "result":"DeleteReceived", "context":{"id":"280b0e6b-1450-4b2e-bed7-9cd258d014c7", "isDeleted:":"true", "version":"1726661885566"}}
{"logTime": "1115/023134", "correlationVector":"qq3fnhylU7G0Rps4gvty69.37","action":"GetUpdates", "result":"DeleteReceived", "context":{"id":"3e1a243f-5ea3-49fa-b337-f16191c32009", "isDeleted:":"true", "version":"1726661885567"}}
{"logTime": "1115/023134", "correlationVector":"qq3fnhylU7G0Rps4gvty69.38","action":"GetUpdates", "result":"DeleteReceived", "context":{"id":"f17264a7-848e-45e4-9a68-36cfc241d4d6", "isDeleted:":"true", "version":"1726661885568"}}
{"logTime": "1115/023134", "correlationVector":"qq3fnhylU7G0Rps4gvty69.39","action":"GetUpdates", "result":"DeleteReceived", "context":{"id":"9daad1eb-7664-4c6d-8a6f-3519ec85fe89", "isDeleted:":"true", "version":"1726661885569"}}
{"logTime": "1115/023134", "correlationVector":"qq3fnhylU7G0Rps4gvty69.40","action":"GetUpdates", "result":"DeleteReceived", "context":{"id":"369e1a5c-e483-49d6-8101-65ca16a2a270", "isDeleted:":"true", "version":"1726668777264"}}
{"logTime": "1115/023134", "correlationVector":"qq3fnhylU7G0Rps4gvty69.41","action":"GetUpdates", "result":"DeleteReceived", "context":{"id":"196c9062-e086-4201-bd80-de19c37997c3", "isDeleted:":"true", "version":"1726719188865"}}
{"logTime": "1115/023134", "correlationVector":"qq3fnhylU7G0Rps4gvty69.42","action":"GetUpdates", "result":"DeleteReceived", "context":{"id":"b4a2dbf3-f544-48d4-8770-55979c4e65b8", "isDeleted:":"true", "version":"1726973457519"}}
{"logTime": "1115/023134", "correlationVector":"qq3fnhylU7G0Rps4gvty69.43","action":"GetUpdates", "result":"DeleteReceived", "context":{"id":"7be233e3-1bd6-4a46-9939-3f6618c7f993", "isDeleted:":"true", "version":"1726973457521"}}
{"logTime": "1115/023134", "correlationVector":"qq3fnhylU7G0Rps4gvty69.44","action":"GetUpdates", "result":"DeleteReceived", "context":{"id":"c061ace1-0a0e-4f85-b3be-848371d6a02c", "isDeleted:":"true", "version":"1726976212873"}}
{"logTime": "1115/023134", "correlationVector":"qq3fnhylU7G0Rps4gvty69.45","action":"GetUpdates", "result":"DeleteReceived", "context":{"id":"b90bcb12-31c6-4e34-824b-7aad1ab55bcd", "isDeleted:":"true", "version":"1727101060175"}}
{"logTime": "1115/023134", "correlationVector":"qq3fnhylU7G0Rps4gvty69.46","action":"GetUpdates", "result":"DeleteReceived", "context":{"id":"067ed389-e7a0-4646-9b53-c6b04478e626", "isDeleted:":"true", "version":"1727363531996"}}
{"logTime": "1115/023134", "correlationVector":"qq3fnhylU7G0Rps4gvty69.47","action":"GetUpdates", "result":"DeleteReceived", "context":{"id":"27dae03e-e175-493b-a249-b410b7f89d83", "isDeleted:":"true", "version":"1727396721487"}}
{"logTime": "1115/023134", "correlationVector":"qq3fnhylU7G0Rps4gvty69.48","action":"GetUpdates", "result":"DeleteReceived", "context":{"id":"2517ca87-dd76-4174-b10b-7dce5d587d20", "isDeleted:":"true", "version":"1727398106188"}}
{"logTime": "1115/023134", "correlationVector":"qq3fnhylU7G0Rps4gvty69.49","action":"GetUpdates", "result":"DeleteReceived", "context":{"id":"11a9655d-a892-4fb5-ac51-d29500b58cb0", "isDeleted:":"true", "version":"1727709851008"}}
{"logTime": "1115/023134", "correlationVector":"qq3fnhylU7G0Rps4gvty69.50","action":"GetUpdates", "result":"DeleteReceived", "context":{"id":"729c3b50-7781-434b-9800-2e990934fcde", "isDeleted:":"true", "version":"1727709851010"}}
{"logTime": "1115/023134", "correlationVector":"qq3fnhylU7G0Rps4gvty69.51","action":"GetUpdates", "result":"DeleteReceived", "context":{"id":"e457aebc-f165-45f9-9d2d-0eb6e4c4445c", "isDeleted:":"true", "version":"1727761849629"}}
{"logTime": "1115/023134", "correlationVector":"qq3fnhylU7G0Rps4gvty69.52","action":"GetUpdates", "result":"DeleteReceived", "context":{"id":"ee5ce319-12cb-41a0-9a9d-d3706ee9957c", "isDeleted:":"true", "version":"1727867585008"}}
{"logTime": "1115/023134", "correlationVector":"qq3fnhylU7G0Rps4gvty69.53","action":"GetUpdates", "result":"DeleteReceived", "context":{"id":"2a48fb79-e7f6-49f7-b042-e06df9b0a5e4", "isDeleted:":"true", "version":"1727874554548"}}
{"logTime": "1115/023134", "correlationVector":"qq3fnhylU7G0Rps4gvty69.54","action":"GetUpdates", "result":"DeleteReceived", "context":{"id":"59d5d0ac-13da-464f-a2be-fcbe54954f44", "isDeleted:":"true", "version":"1728097815197"}}
{"logTime": "1115/023134", "correlationVector":"qq3fnhylU7G0Rps4gvty69.55","action":"GetUpdates", "result":"DeleteReceived", "context":{"id":"10cff3d3-b5d2-42db-8f33-14f876a0ba29", "isDeleted:":"true", "version":"1728790203708"}}
{"logTime": "1115/023134", "correlationVector":"qq3fnhylU7G0Rps4gvty69.56","action":"GetUpdates Response", "result":"Success", "context":Received 250 update(s). cV=qq3fnhylU7G0Rps4gvty69.0;server=GENERAL01000014;cloudType=Consumer;environment=Prod_EastAsia_000d;migrationStage=NotStarted Some updates remain.}
{"logTime": "1115/023134", "correlationVector":"G+SWxIrhthzHqAZVtHPRGp","action":"Initial GetUpdates", "result":"", "context":Reason: NEWLY_SUPPORTED_DATATYPE. cV=G+SWxIrhthzHqAZVtHPRGp}
{"logTime": "1115/023135", "correlationVector":"G+SWxIrhthzHqAZVtHPRGp.1","action":"SyncServerConnectionManagerRequest", "result":"SYNC_SERVER_OK", "context":{"environment":"Prod_EastAsia_000d", "migrationStage":"NotStarted", "server":"GENERAL0100000V"}}
{"logTime": "1115/023135", "correlationVector":"G+SWxIrhthzHqAZVtHPRGp.2","action":"GetUpdates Response", "result":"Success", "context":Received 250 update(s). cV=G+SWxIrhthzHqAZVtHPRGp.0;server=GENERAL0100000V;cloudType=Consumer;environment=Prod_EastAsia_000d;migrationStage=NotStarted Some updates remain.}
{"logTime": "1115/023135", "correlationVector":"LT2lDjXosnK53XG0Xq34VO","action":"Initial GetUpdates", "result":"", "context":Reason: NEWLY_SUPPORTED_DATATYPE. cV=LT2lDjXosnK53XG0Xq34VO}
{"logTime": "1115/023136", "correlationVector":"LT2lDjXosnK53XG0Xq34VO.1","action":"SyncServerConnectionManagerRequest", "result":"SYNC_SERVER_OK", "context":{"environment":"Prod_EastAsia_000d", "migrationStage":"NotStarted", "server":"GENERAL01000005"}}
{"logTime": "1115/023136", "correlationVector":"LT2lDjXosnK53XG0Xq34VO.2","action":"GetUpdates", "result":"DeleteReceived", "context":{"id":"9feb14ca-7a28-4ffc-8401-1292ea8fedf9", "isDeleted:":"true", "version":"1730379683222"}}
{"logTime": "1115/023136", "correlationVector":"LT2lDjXosnK53XG0Xq34VO.3","action":"GetUpdates", "result":"DeleteReceived", "context":{"id":"0a161e82-9b46-4a4a-97d8-9ba5bc495728", "isDeleted:":"true", "version":"1730379776669"}}
{"logTime": "1115/023136", "correlationVector":"LT2lDjXosnK53XG0Xq34VO.4","action":"GetUpdates", "result":"DeleteReceived", "context":{"id":"0698194d-1090-40ad-9c19-1289d5b48311", "isDeleted:":"true", "version":"1730552748012"}}
{"logTime": "1115/023136", "correlationVector":"LT2lDjXosnK53XG0Xq34VO.5","action":"GetUpdates", "result":"DeleteReceived", "context":{"id":"53a3e20e-c99c-4412-a5ca-c7133a95569f", "isDeleted:":"true", "version":"1730638748171"}}
{"logTime": "1115/023136", "correlationVector":"LT2lDjXosnK53XG0Xq34VO.6","action":"GetUpdates", "result":"DeleteReceived", "context":{"id":"37c1a5aa-00bc-43af-ad97-5f69c82ebf4c", "isDeleted:":"true", "version":"1730638748172"}}
{"logTime": "1115/023136", "correlationVector":"LT2lDjXosnK53XG0Xq34VO.7","action":"GetUpdates", "result":"DeleteReceived", "context":{"id":"2278fec8-713d-4e5f-90ea-2b9b062959b1", "isDeleted:":"true", "version":"1731632594254"}}
{"logTime": "1115/023136", "correlationVector":"LT2lDjXosnK53XG0Xq34VO.8","action":"GetUpdates Response", "result":"Success", "context":Received 46 update(s). cV=LT2lDjXosnK53XG0Xq34VO.0;server=GENERAL01000005;cloudType=Consumer;environment=Prod_EastAsia_000d;migrationStage=NotStarted}
{"logTime": "1115/023136", "correlationVector":"MJeY1WKR39MgW3CDzSQaLO","action":"Normal GetUpdate request", "result":"", "context":cV=MJeY1WKR39MgW3CDzSQaLO
Nudged types: Typed URLs, Sessions, Device Info, User Consents
Refresh requested types: Bookmarks, Preferences, Passwords, Autofill Profiles, Autofill, Typed URLs, Extensions, Sessions, Extension settings, History Delete Directives, Device Info, User Consents, Send Tab To Self, Web Apps, Collection, Edge E Drop, Edge Hub App Usage, Edge Tab Group, Edge Wallet, Encryption Keys}
{"logTime": "1115/023136", "correlationVector":"MJeY1WKR39MgW3CDzSQaLO.1","action":"SyncServerConnectionManagerRequest", "result":"SYNC_SERVER_OK", "context":{"environment":"Prod_EastAsia_000d", "migrationStage":"NotStarted", "server":"GENERAL0100000P"}}
{"logTime": "1115/023136", "correlationVector":"MJeY1WKR39MgW3CDzSQaLO.2","action":"GetUpdates Response", "result":"Success", "context":Received 0 update(s). cV=MJeY1WKR39MgW3CDzSQaLO.0;server=GENERAL0100000P;cloudType=Consumer;environment=Prod_EastAsia_000d;migrationStage=NotStarted}
{"logTime": "1115/023136", "correlationVector":"m1y/Bm1kqMjrp8pDT694/n","action":"Commit Request", "result":"", "context":Item count: 6
Contributing types: Typed URLs, Sessions, Device Info, User Consents}
{"logTime": "1115/023137", "correlationVector":"m1y/Bm1kqMjrp8pDT694/n.1","action":"SyncServerConnectionManagerRequest", "result":"SYNC_SERVER_OK", "context":{"environment":"Prod_EastAsia_000d", "migrationStage":"NotStarted", "server":"GENERAL01000028"}}
{"logTime": "1115/023137", "correlationVector":"m1y/Bm1kqMjrp8pDT694/n.2","action":"Commit Response", "result":"Success", "context":Result: Success. cV=m1y/Bm1kqMjrp8pDT694/n.0;server=GENERAL01000028;cloudType=Consumer;environment=Prod_EastAsia_000d;migrationStage=NotStarted}
{"logTime": "1115/023138", "correlationVector":"1jxq0jwfdfR9Nt74lrLTr/","action":"Normal GetUpdate request", "result":"", "context":cV=1jxq0jwfdfR9Nt74lrLTr/
Nudged types: Typed URLs, Sessions, Device Info}
{"logTime": "1115/023139", "correlationVector":"1jxq0jwfdfR9Nt74lrLTr/.1","action":"SyncServerConnectionManagerRequest", "result":"SYNC_SERVER_OK", "context":{"environment":"Prod_EastAsia_000d", "migrationStage":"NotStarted", "server":"GENERAL0100001Q"}}
{"logTime": "1115/023139", "correlationVector":"1jxq0jwfdfR9Nt74lrLTr/.2","action":"GetUpdates Response", "result":"Success", "context":Received 4 update(s). cV=1jxq0jwfdfR9Nt74lrLTr/.0;server=GENERAL0100001Q;cloudType=Consumer;environment=Prod_EastAsia_000d;migrationStage=NotStarted}
{"logTime": "1115/023139", "correlationVector":"MFvLWYq4naazpCmXji8+rP","action":"DoCompareDataConsistency requsted types: ", "result":"Bookmarks, Preferences, Passwords, Typed URLs, Extensions, Extension settings, History Delete Directives, Send Tab To Self, Web Apps, Collection, Edge E Drop, Edge Tab Group, Edge Wallet, Encryption Keys"}
{"logTime": "1115/023139", "correlationVector":"MFvLWYq4naazpCmXji8+rP.0","action":"CompareDataConsistency result: ", "result":"Compare result: Encryption Keys is consistent. local entities count is: 1 local entities hash is: vzToYVH+URrgBgFEMDIEE75aAdw="}
{"logTime": "1115/023139", "correlationVector":"MFvLWYq4naazpCmXji8+rP.1","action":"CompareDataConsistency result: ", "result":"Compare result: Bookmarks is consistent. local entities count is: 4 local entities hash is: R8ry3WjdwA7URaJ7wZo3ae6oCeg="}
{"logTime": "1115/023139", "correlationVector":"MFvLWYq4naazpCmXji8+rP.2","action":"CompareDataConsistency result: ", "result":"Compare result: Preferences is consistent. local entities count is: 76 local entities hash is: E9AUhqJ66dF30x+K5POXf82psHo="}
{"logTime": "1115/023139", "correlationVector":"MFvLWYq4naazpCmXji8+rP.3","action":"CompareDataConsistency result: ", "result":"Server did not send this Typed URLs local entities count is: 15 local entities hash is: 1N7tM7cMyYaBKQOVDB4zHuMObqI="}
{"logTime": "1115/023139", "correlationVector":"MFvLWYq4naazpCmXji8+rP.4","action":"CompareDataConsistency result: ", "result":"Compare result: Extensions is consistent. local entities count is: 3 local entities hash is: xz9uMcY6gGiNpH27uAuPYPog+M8="}
{"logTime": "1115/023139", "correlationVector":"MFvLWYq4naazpCmXji8+rP.5","action":"CompareDataConsistency result: ", "result":"Compare result: Extension settings is consistent. local entities count is: 5 local entities hash is: TYzKsz6WZ/Qd8JshZk5K4S5y+o4="}
{"logTime": "1115/023139", "correlationVector":"MFvLWYq4naazpCmXji8+rP.6","action":"CompareDataConsistency result: ", "result":"Compare result: History Delete Directives is consistent. local entities count is: 0 local entities hash is: "}
{"logTime": "1115/023139", "correlationVector":"MFvLWYq4naazpCmXji8+rP.7","action":"CompareDataConsistency result: ", "result":"Server did not send this Send Tab To Self local entities count is: 0 local entities hash is: "}
{"logTime": "1115/023139", "correlationVector":"MFvLWYq4naazpCmXji8+rP.8","action":"CompareDataConsistency result: ", "result":"Compare result: Web Apps is consistent. local entities count is: 0 local entities hash is: "}
{"logTime": "1115/023139", "correlationVector":"MFvLWYq4naazpCmXji8+rP.9","action":"CompareDataConsistency result: ", "result":"Compare result: Collection is consistent. local entities count is: 0 local entities hash is: "}
{"logTime": "1115/023139", "correlationVector":"MFvLWYq4naazpCmXji8+rP.10","action":"CompareDataConsistency result: ", "result":"Compare result: Edge E Drop is consistent. local entities count is: 0 local entities hash is: "}
{"logTime": "1115/023139", "correlationVector":"MFvLWYq4naazpCmXji8+rP.11","action":"CompareDataConsistency result: ", "result":"Compare result: Edge Tab Group is consistent. local entities count is: 0 local entities hash is: "}
{"logTime": "1115/023139", "correlationVector":"MFvLWYq4naazpCmXji8+rP.12","action":"CompareDataConsistency result: ", "result":"Compare result: Edge Wallet is consistent. local entities count is: 0 local entities hash is: "}
{"logTime": "1115/023139", "correlationVector":"MFvLWYq4naazpCmXji8+rP.13","action":"CompareDataConsistency result: ", "result":"Compare result: Passwords is consistent. local entities count is: 147 local entities hash is: ncCWyTyKZqQptcZ8B0VMO86SQBU="}
{"logTime": "1115/023139", "correlationVector":"","action":"DIAGNOSTIC_REQUEST|v1/diagnosticData/Diagnostic.SendCheckResult()|SUCCESS", "result":""}
{"logTime": "1115/023354", "correlationVector":"qOj43QQFpCE/ij6ffmdPj5","action":"Commit Request", "result":"", "context":Item count: 1
Contributing types: Sessions}
{"logTime": "1115/023355", "correlationVector":"qOj43QQFpCE/ij6ffmdPj5.1","action":"SyncServerConnectionManagerRequest", "result":"SYNC_SERVER_OK", "context":{"environment":"Prod_EastAsia_000d", "migrationStage":"NotStarted", "server":"GENERAL0100000G"}}
{"logTime": "1115/023355", "correlationVector":"qOj43QQFpCE/ij6ffmdPj5.2","action":"Commit Response", "result":"Success", "context":Result: Success. cV=qOj43QQFpCE/ij6ffmdPj5.0;server=GENERAL0100000G;cloudType=Consumer;environment=Prod_EastAsia_000d;migrationStage=NotStarted}
{"logTime": "1115/023628", "correlationVector":"fGRMq/SsAGlMFo+E88AkbA","action":"Normal GetUpdate request", "result":"", "context":cV=fGRMq/SsAGlMFo+E88AkbA
Refresh requested types: Bookmarks, Preferences, Passwords, Autofill Profiles, Autofill, Typed URLs, Extensions, Sessions, Extension settings, History Delete Directives, Device Info, User Consents, Send Tab To Self, Web Apps, Collection, Edge E Drop, Edge Hub App Usage, Edge Tab Group, Edge Wallet, Encryption Keys}
{"logTime": "1115/023629", "correlationVector":"fGRMq/SsAGlMFo+E88AkbA.1","action":"SyncServerConnectionManagerRequest", "result":"SYNC_SERVER_OK", "context":{"environment":"Prod_EastAsia_000d", "migrationStage":"NotStarted", "server":"GENERAL01000014"}}
{"logTime": "1115/023629", "correlationVector":"fGRMq/SsAGlMFo+E88AkbA.2","action":"GetUpdates Response", "result":"Success", "context":Received 1 update(s). cV=fGRMq/SsAGlMFo+E88AkbA.0;server=GENERAL01000014;cloudType=Consumer;environment=Prod_EastAsia_000d;migrationStage=NotStarted}
{"logTime": "1115/023732", "correlationVector":"kFzBRSK/SqqdXOO28yJKNl","action":"Commit Request", "result":"", "context":Item count: 2
Contributing types: Preferences}
{"logTime": "1115/023733", "correlationVector":"kFzBRSK/SqqdXOO28yJKNl.1","action":"SyncServerConnectionManagerRequest", "result":"SYNC_SERVER_OK", "context":{"environment":"Prod_EastAsia_000d", "migrationStage":"NotStarted", "server":"GENERAL0100001F"}}
{"logTime": "1115/023733", "correlationVector":"kFzBRSK/SqqdXOO28yJKNl.2","action":"Commit Response", "result":"Success", "context":Result: Success. cV=kFzBRSK/SqqdXOO28yJKNl.0;server=GENERAL0100001F;cloudType=Consumer;environment=Prod_EastAsia_000d;migrationStage=NotStarted}
{"logTime": "1115/024204", "correlationVector":"Aelg1k5xe95C00dpgiW+73","action":"Commit Request", "result":"", "context":Item count: 1
Contributing types: Sessions}
{"logTime": "1115/024205", "correlationVector":"Aelg1k5xe95C00dpgiW+73.1","action":"SyncServerConnectionManagerRequest", "result":"SYNC_SERVER_OK", "context":{"environment":"Prod_EastAsia_000d", "migrationStage":"NotStarted", "server":"GENERAL01000000"}}
{"logTime": "1115/024205", "correlationVector":"Aelg1k5xe95C00dpgiW+73.2","action":"Commit Response", "result":"Success", "context":Result: Success. cV=Aelg1k5xe95C00dpgiW+73.0;server=GENERAL01000000;cloudType=Consumer;environment=Prod_EastAsia_000d;migrationStage=NotStarted}
{"logTime": "1115/025953", "correlationVector":"vjn2lGtWsNmrS87hMUs/Pi","action":"Commit Request", "result":"", "context":Item count: 1
Contributing types: Sessions}
{"logTime": "1115/025954", "correlationVector":"vjn2lGtWsNmrS87hMUs/Pi.1","action":"SyncServerConnectionManagerRequest", "result":"SYNC_SERVER_OK", "context":{"environment":"Prod_EastAsia_000d", "migrationStage":"NotStarted", "server":"GENERAL0100001F"}}
{"logTime": "1115/025954", "correlationVector":"vjn2lGtWsNmrS87hMUs/Pi.2","action":"Commit Response", "result":"Success", "context":Result: Success. cV=vjn2lGtWsNmrS87hMUs/Pi.0;server=GENERAL0100001F;cloudType=Consumer;environment=Prod_EastAsia_000d;migrationStage=NotStarted}
{"logTime": "1115/030505", "correlationVector":"tJHryerwMFpzqtpD8DCLJe","action":"Commit Request", "result":"", "context":Item count: 1
Contributing types: Sessions}
{"logTime": "1115/030505", "correlationVector":"tJHryerwMFpzqtpD8DCLJe.1","action":"SyncServerConnectionManagerRequest", "result":"SYNC_SERVER_OK", "context":{"environment":"Prod_EastAsia_000d", "migrationStage":"NotStarted", "server":"GENERAL01000014"}}
{"logTime": "1115/030505", "correlationVector":"tJHryerwMFpzqtpD8DCLJe.2","action":"Commit Response", "result":"Success", "context":Result: Success. cV=tJHryerwMFpzqtpD8DCLJe.0;server=GENERAL01000014;cloudType=Consumer;environment=Prod_EastAsia_000d;migrationStage=NotStarted}
{"logTime": "1115/030938", "correlationVector":"0DybjrXT4VoRNbasDJj4rO","action":"Commit Request", "result":"", "context":Item count: 1
Contributing types: Sessions}
{"logTime": "1115/030939", "correlationVector":"0DybjrXT4VoRNbasDJj4rO.1","action":"SyncServerConnectionManagerRequest", "result":"SYNC_SERVER_OK", "context":{"environment":"Prod_EastAsia_000d", "migrationStage":"NotStarted", "server":"GENERAL0100000K"}}
{"logTime": "1115/030939", "correlationVector":"0DybjrXT4VoRNbasDJj4rO.2","action":"Commit Response", "result":"Success", "context":Result: Success. cV=0DybjrXT4VoRNbasDJj4rO.0;server=GENERAL0100000K;cloudType=Consumer;environment=Prod_EastAsia_000d;migrationStage=NotStarted}
{"logTime": "1115/031021", "correlationVector":"VfJEvlcvadvKxwGqMeYn3J","action":"Commit Request", "result":"", "context":Item count: 1
Contributing types: Sessions}
{"logTime": "1115/031022", "correlationVector":"VfJEvlcvadvKxwGqMeYn3J.1","action":"SyncServerConnectionManagerRequest", "result":"SYNC_SERVER_OK", "context":{"environment":"Prod_EastAsia_000d", "migrationStage":"NotStarted", "server":"GENERAL0100000N"}}
{"logTime": "1115/031022", "correlationVector":"VfJEvlcvadvKxwGqMeYn3J.2","action":"Commit Response", "result":"Success", "context":Result: Success. cV=VfJEvlcvadvKxwGqMeYn3J.0;server=GENERAL0100000N;cloudType=Consumer;environment=Prod_EastAsia_000d;migrationStage=NotStarted}
{"logTime": "1115/031346", "correlationVector":"j4kFwcdXXM1Ez91e7Q/RwN","action":"Commit Request", "result":"", "context":Item count: 1
Contributing types: Sessions}
{"logTime": "1115/031347", "correlationVector":"j4kFwcdXXM1Ez91e7Q/RwN.1","action":"SyncServerConnectionManagerRequest", "result":"SYNC_SERVER_OK", "context":{"environment":"Prod_EastAsia_000d", "migrationStage":"NotStarted", "server":"GENERAL0100001G"}}
{"logTime": "1115/031347", "correlationVector":"j4kFwcdXXM1Ez91e7Q/RwN.2","action":"Commit Response", "result":"Success", "context":Result: Success. cV=j4kFwcdXXM1Ez91e7Q/RwN.0;server=GENERAL0100001G;cloudType=Consumer;environment=Prod_EastAsia_000d;migrationStage=NotStarted}
{"logTime": "1115/031720", "correlationVector":"2GKg7qEyEpPLELw/5Pr8Gf","action":"Commit Request", "result":"", "context":Item count: 1
Contributing types: Sessions}
{"logTime": "1115/031721", "correlationVector":"2GKg7qEyEpPLELw/5Pr8Gf.1","action":"SyncServerConnectionManagerRequest", "result":"SYNC_SERVER_OK", "context":{"environment":"Prod_EastAsia_000d", "migrationStage":"NotStarted", "server":"GENERAL0100001L"}}
{"logTime": "1115/031721", "correlationVector":"2GKg7qEyEpPLELw/5Pr8Gf.2","action":"Commit Response", "result":"Success", "context":Result: Success. cV=2GKg7qEyEpPLELw/5Pr8Gf.0;server=GENERAL0100001L;cloudType=Consumer;environment=Prod_EastAsia_000d;migrationStage=NotStarted}
